[1029/104245.026:ERROR:process_reader_win.cc(123)] NtOpenThread: {Acesso Negado} Um processo solicitou acesso a um objeto, mas o direito de acesso não lhe foi concedido. (0xc0000022)
[1029/104245.027:ERROR:exception_snapshot_win.cc(99)] thread ID 17752 not found in process
[1029/104245.050:ERROR:process_reader_win.cc(123)] NtOpenThread: {Acesso Negado} Um processo solicitou acesso a um objeto, mas o direito de acesso não lhe foi concedido. (0xc0000022)
[1029/104245.051:ERROR:exception_snapshot_win.cc(99)] thread ID 7344 not found in process
[1029/104245.094:ERROR:process_reader_win.cc(123)] NtOpenThread: {Acesso Negado} Um processo solicitou acesso a um objeto, mas o direito de acesso não lhe foi concedido. (0xc0000022)
[1029/104245.095:ERROR:exception_snapshot_win.cc(99)] thread ID 20520 not found in process
[1029/104245.136:ERROR:process_reader_win.cc(123)] NtOpenThread: {Acesso Negado} Um processo solicitou acesso a um objeto, mas o direito de acesso não lhe foi concedido. (0xc0000022)
[1029/104245.136:ERROR:exception_snapshot_win.cc(99)] thread ID 13536 not found in process
[1029/104245.171:ERROR:process_reader_win.cc(123)] NtOpenThread: {Acesso Negado} Um processo solicitou acesso a um objeto, mas o direito de acesso não lhe foi concedido. (0xc0000022)
[1029/104245.171:ERROR:exception_snapshot_win.cc(99)] thread ID 11916 not found in process
[1029/105936.495:ERROR:process_reader_win.cc(123)] NtOpenThread: {Acesso Negado} Um processo solicitou acesso a um objeto, mas o direito de acesso não lhe foi concedido. (0xc0000022)
[1029/105936.498:ERROR:exception_snapshot_win.cc(99)] thread ID 13904 not found in process
[1029/105936.535:ERROR:process_reader_win.cc(123)] NtOpenThread: {Acesso Negado} Um processo solicitou acesso a um objeto, mas o direito de acesso não lhe foi concedido. (0xc0000022)
[1029/105936.535:ERROR:exception_snapshot_win.cc(99)] thread ID 13504 not found in process
[1029/110556.950:ERROR:process_reader_win.cc(123)] NtOpenThread: {Acesso Negado} Um processo solicitou acesso a um objeto, mas o direito de acesso não lhe foi concedido. (0xc0000022)
[1029/110556.951:ERROR:exception_snapshot_win.cc(99)] thread ID 25492 not found in process
[1029/110556.970:ERROR:process_reader_win.cc(123)] NtOpenThread: {Acesso Negado} Um processo solicitou acesso a um objeto, mas o direito de acesso não lhe foi concedido. (0xc0000022)
[1029/110556.970:ERROR:exception_snapshot_win.cc(99)] thread ID 23048 not found in process
[1029/110557.008:ERROR:process_reader_win.cc(123)] NtOpenThread: {Acesso Negado} Um processo solicitou acesso a um objeto, mas o direito de acesso não lhe foi concedido. (0xc0000022)
[1029/110557.008:ERROR:exception_snapshot_win.cc(99)] thread ID 22752 not found in process
[1029/110557.052:ERROR:process_reader_win.cc(123)] NtOpenThread: {Acesso Negado} Um processo solicitou acesso a um objeto, mas o direito de acesso não lhe foi concedido. (0xc0000022)
[1029/110557.052:ERROR:exception_snapshot_win.cc(99)] thread ID 1868 not found in process
[1029/110557.094:ERROR:process_reader_win.cc(123)] NtOpenThread: {Acesso Negado} Um processo solicitou acesso a um objeto, mas o direito de acesso não lhe foi concedido. (0xc0000022)
[1029/110557.094:ERROR:exception_snapshot_win.cc(99)] thread ID 23840 not found in process
[1029/115034.603:ERROR:process_reader_win.cc(123)] NtOpenThread: {Acesso Negado} Um processo solicitou acesso a um objeto, mas o direito de acesso não lhe foi concedido. (0xc0000022)
[1029/115034.605:ERROR:exception_snapshot_win.cc(99)] thread ID 18572 not found in process
[1029/115034.639:ERROR:process_reader_win.cc(123)] NtOpenThread: {Acesso Negado} Um processo solicitou acesso a um objeto, mas o direito de acesso não lhe foi concedido. (0xc0000022)
[1029/115034.639:ERROR:exception_snapshot_win.cc(99)] thread ID 23784 not found in process
[1029/115034.689:ERROR:process_reader_win.cc(123)] NtOpenThread: {Acesso Negado} Um processo solicitou acesso a um objeto, mas o direito de acesso não lhe foi concedido. (0xc0000022)
[1029/115034.690:ERROR:exception_snapshot_win.cc(99)] thread ID 24320 not found in process
[1029/115034.726:ERROR:process_reader_win.cc(123)] NtOpenThread: {Acesso Negado} Um processo solicitou acesso a um objeto, mas o direito de acesso não lhe foi concedido. (0xc0000022)
[1029/115034.726:ERROR:exception_snapshot_win.cc(99)] thread ID 6656 not found in process
[1029/120841.832:ERROR:process_reader_win.cc(123)] NtOpenThread: {Acesso Negado} Um processo solicitou acesso a um objeto, mas o direito de acesso não lhe foi concedido. (0xc0000022)
[1029/120841.833:ERROR:exception_snapshot_win.cc(99)] thread ID 1556 not found in process
[1029/120841.868:ERROR:process_reader_win.cc(123)] NtOpenThread: {Acesso Negado} Um processo solicitou acesso a um objeto, mas o direito de acesso não lhe foi concedido. (0xc0000022)
[1029/120841.868:ERROR:exception_snapshot_win.cc(99)] thread ID 21456 not found in process
[1029/120841.911:ERROR:process_reader_win.cc(123)] NtOpenThread: {Acesso Negado} Um processo solicitou acesso a um objeto, mas o direito de acesso não lhe foi concedido. (0xc0000022)
[1029/120841.912:ERROR:exception_snapshot_win.cc(99)] thread ID 24220 not found in process
[1029/120841.947:ERROR:process_reader_win.cc(123)] NtOpenThread: {Acesso Negado} Um processo solicitou acesso a um objeto, mas o direito de acesso não lhe foi concedido. (0xc0000022)
[1029/120841.947:ERROR:exception_snapshot_win.cc(99)] thread ID 1384 not found in process
[1030/075109.466:ERROR:process_reader_win.cc(123)] NtOpenThread: {Acesso Negado} Um processo solicitou acesso a um objeto, mas o direito de acesso não lhe foi concedido. (0xc0000022)
[1030/075109.467:ERROR:exception_snapshot_win.cc(99)] thread ID 28668 not found in process
[1030/075109.497:ERROR:process_reader_win.cc(123)] NtOpenThread: {Acesso Negado} Um processo solicitou acesso a um objeto, mas o direito de acesso não lhe foi concedido. (0xc0000022)
[1030/075109.497:ERROR:exception_snapshot_win.cc(99)] thread ID 27616 not found in process
[1030/080500.152:ERROR:process_reader_win.cc(123)] NtOpenThread: {Acesso Negado} Um processo solicitou acesso a um objeto, mas o direito de acesso não lhe foi concedido. (0xc0000022)
[1030/080500.153:ERROR:exception_snapshot_win.cc(99)] thread ID 22620 not found in process
[1030/080500.179:ERROR:process_reader_win.cc(123)] NtOpenThread: {Acesso Negado} Um processo solicitou acesso a um objeto, mas o direito de acesso não lhe foi concedido. (0xc0000022)
[1030/080500.179:ERROR:exception_snapshot_win.cc(99)] thread ID 3352 not found in process
[1030/081322.490:ERROR:process_reader_win.cc(123)] NtOpenThread: {Acesso Negado} Um processo solicitou acesso a um objeto, mas o direito de acesso não lhe foi concedido. (0xc0000022)
[1030/081322.491:ERROR:exception_snapshot_win.cc(99)] thread ID 5240 not found in process
[1030/081322.522:ERROR:process_reader_win.cc(123)] NtOpenThread: {Acesso Negado} Um processo solicitou acesso a um objeto, mas o direito de acesso não lhe foi concedido. (0xc0000022)
[1030/081322.522:ERROR:exception_snapshot_win.cc(99)] thread ID 28664 not found in process
[1030/081924.038:ERROR:process_reader_win.cc(123)] NtOpenThread: {Acesso Negado} Um processo solicitou acesso a um objeto, mas o direito de acesso não lhe foi concedido. (0xc0000022)
[1030/081924.039:ERROR:exception_snapshot_win.cc(99)] thread ID 5608 not found in process
[1030/081924.067:ERROR:process_reader_win.cc(123)] NtOpenThread: {Acesso Negado} Um processo solicitou acesso a um objeto, mas o direito de acesso não lhe foi concedido. (0xc0000022)
[1030/081924.067:ERROR:exception_snapshot_win.cc(99)] thread ID 1564 not found in process
[1030/082840.447:ERROR:process_reader_win.cc(123)] NtOpenThread: {Acesso Negado} Um processo solicitou acesso a um objeto, mas o direito de acesso não lhe foi concedido. (0xc0000022)
[1030/082840.448:ERROR:exception_snapshot_win.cc(99)] thread ID 5132 not found in process
[1030/082840.477:ERROR:process_reader_win.cc(123)] NtOpenThread: {Acesso Negado} Um processo solicitou acesso a um objeto, mas o direito de acesso não lhe foi concedido. (0xc0000022)
[1030/082840.477:ERROR:exception_snapshot_win.cc(99)] thread ID 16628 not found in process
[1030/083123.655:ERROR:process_reader_win.cc(123)] NtOpenThread: {Acesso Negado} Um processo solicitou acesso a um objeto, mas o direito de acesso não lhe foi concedido. (0xc0000022)
[1030/083123.656:ERROR:exception_snapshot_win.cc(99)] thread ID 11592 not found in process
[1030/083123.687:ERROR:process_reader_win.cc(123)] NtOpenThread: {Acesso Negado} Um processo solicitou acesso a um objeto, mas o direito de acesso não lhe foi concedido. (0xc0000022)
[1030/083123.687:ERROR:exception_snapshot_win.cc(99)] thread ID 7552 not found in process
[1030/083223.409:ERROR:process_reader_win.cc(123)] NtOpenThread: {Acesso Negado} Um processo solicitou acesso a um objeto, mas o direito de acesso não lhe foi concedido. (0xc0000022)
[1030/083223.409:ERROR:exception_snapshot_win.cc(99)] thread ID 29368 not found in process
[1030/083223.440:ERROR:process_reader_win.cc(123)] NtOpenThread: {Acesso Negado} Um processo solicitou acesso a um objeto, mas o direito de acesso não lhe foi concedido. (0xc0000022)
[1030/083223.440:ERROR:exception_snapshot_win.cc(99)] thread ID 28960 not found in process
[1030/084107.019:ERROR:process_reader_win.cc(123)] NtOpenThread: {Acesso Negado} Um processo solicitou acesso a um objeto, mas o direito de acesso não lhe foi concedido. (0xc0000022)
[1030/084107.020:ERROR:exception_snapshot_win.cc(99)] thread ID 28704 not found in process
[1030/084107.049:ERROR:process_reader_win.cc(123)] NtOpenThread: {Acesso Negado} Um processo solicitou acesso a um objeto, mas o direito de acesso não lhe foi concedido. (0xc0000022)
[1030/084107.049:ERROR:exception_snapshot_win.cc(99)] thread ID 5368 not found in process
[1030/084425.115:ERROR:process_reader_win.cc(123)] NtOpenThread: {Acesso Negado} Um processo solicitou acesso a um objeto, mas o direito de acesso não lhe foi concedido. (0xc0000022)
[1030/084425.115:ERROR:exception_snapshot_win.cc(99)] thread ID 19652 not found in process
[1030/084425.148:ERROR:process_reader_win.cc(123)] NtOpenThread: {Acesso Negado} Um processo solicitou acesso a um objeto, mas o direito de acesso não lhe foi concedido. (0xc0000022)
[1030/084425.148:ERROR:exception_snapshot_win.cc(99)] thread ID 22040 not found in process
[1030/095555.324:ERROR:process_reader_win.cc(123)] NtOpenThread: {Acesso Negado} Um processo solicitou acesso a um objeto, mas o direito de acesso não lhe foi concedido. (0xc0000022)
[1030/095555.325:ERROR:exception_snapshot_win.cc(99)] thread ID 24536 not found in process
[1030/095555.354:ERROR:process_reader_win.cc(123)] NtOpenThread: {Acesso Negado} Um processo solicitou acesso a um objeto, mas o direito de acesso não lhe foi concedido. (0xc0000022)
[1030/095555.354:ERROR:exception_snapshot_win.cc(99)] thread ID 8180 not found in process
[1030/095601.489:ERROR:process_reader_win.cc(123)] NtOpenThread: {Acesso Negado} Um processo solicitou acesso a um objeto, mas o direito de acesso não lhe foi concedido. (0xc0000022)
[1030/095601.490:ERROR:exception_snapshot_win.cc(99)] thread ID 12484 not found in process
[1030/095601.518:ERROR:process_reader_win.cc(123)] NtOpenThread: {Acesso Negado} Um processo solicitou acesso a um objeto, mas o direito de acesso não lhe foi concedido. (0xc0000022)
[1030/095601.518:ERROR:exception_snapshot_win.cc(99)] thread ID 4796 not found in process
[1030/095831.978:ERROR:process_reader_win.cc(123)] NtOpenThread: {Acesso Negado} Um processo solicitou acesso a um objeto, mas o direito de acesso não lhe foi concedido. (0xc0000022)
[1030/095831.979:ERROR:exception_snapshot_win.cc(99)] thread ID 21952 not found in process
[1030/095831.994:ERROR:process_reader_win.cc(123)] NtOpenThread: {Acesso Negado} Um processo solicitou acesso a um objeto, mas o direito de acesso não lhe foi concedido. (0xc0000022)
[1030/095831.995:ERROR:exception_snapshot_win.cc(99)] thread ID 16836 not found in process
[1030/095832.023:ERROR:process_reader_win.cc(123)] NtOpenThread: {Acesso Negado} Um processo solicitou acesso a um objeto, mas o direito de acesso não lhe foi concedido. (0xc0000022)
[1030/095832.023:ERROR:exception_snapshot_win.cc(99)] thread ID 22440 not found in process
[1030/100303.358:ERROR:process_reader_win.cc(123)] NtOpenThread: {Acesso Negado} Um processo solicitou acesso a um objeto, mas o direito de acesso não lhe foi concedido. (0xc0000022)
[1030/100303.359:ERROR:exception_snapshot_win.cc(99)] thread ID 6060 not found in process
[1030/100303.393:ERROR:process_reader_win.cc(123)] NtOpenThread: {Acesso Negado} Um processo solicitou acesso a um objeto, mas o direito de acesso não lhe foi concedido. (0xc0000022)
[1030/100303.393:ERROR:exception_snapshot_win.cc(99)] thread ID 21964 not found in process
[1030/100713.456:ERROR:process_reader_win.cc(123)] NtOpenThread: {Acesso Negado} Um processo solicitou acesso a um objeto, mas o direito de acesso não lhe foi concedido. (0xc0000022)
[1030/100713.457:ERROR:exception_snapshot_win.cc(99)] thread ID 23544 not found in process
[1030/100713.488:ERROR:process_reader_win.cc(123)] NtOpenThread: {Acesso Negado} Um processo solicitou acesso a um objeto, mas o direito de acesso não lhe foi concedido. (0xc0000022)
[1030/100713.488:ERROR:exception_snapshot_win.cc(99)] thread ID 24272 not found in process
[1030/101008.431:ERROR:process_reader_win.cc(123)] NtOpenThread: {Acesso Negado} Um processo solicitou acesso a um objeto, mas o direito de acesso não lhe foi concedido. (0xc0000022)
[1030/101008.432:ERROR:exception_snapshot_win.cc(99)] thread ID 28492 not found in process
[1030/101008.462:ERROR:process_reader_win.cc(123)] NtOpenThread: {Acesso Negado} Um processo solicitou acesso a um objeto, mas o direito de acesso não lhe foi concedido. (0xc0000022)
[1030/101008.462:ERROR:exception_snapshot_win.cc(99)] thread ID 17324 not found in process
[1030/101205.337:ERROR:process_reader_win.cc(123)] NtOpenThread: {Acesso Negado} Um processo solicitou acesso a um objeto, mas o direito de acesso não lhe foi concedido. (0xc0000022)
[1030/101205.338:ERROR:exception_snapshot_win.cc(99)] thread ID 7444 not found in process
[1030/101205.367:ERROR:process_reader_win.cc(123)] NtOpenThread: {Acesso Negado} Um processo solicitou acesso a um objeto, mas o direito de acesso não lhe foi concedido. (0xc0000022)
[1030/101205.367:ERROR:exception_snapshot_win.cc(99)] thread ID 19580 not found in process
[1030/102037.601:ERROR:process_reader_win.cc(123)] NtOpenThread: {Acesso Negado} Um processo solicitou acesso a um objeto, mas o direito de acesso não lhe foi concedido. (0xc0000022)
[1030/102037.601:ERROR:exception_snapshot_win.cc(99)] thread ID 12156 not found in process
[1030/102037.631:ERROR:process_reader_win.cc(123)] NtOpenThread: {Acesso Negado} Um processo solicitou acesso a um objeto, mas o direito de acesso não lhe foi concedido. (0xc0000022)
[1030/102037.631:ERROR:exception_snapshot_win.cc(99)] thread ID 6836 not found in process
[1030/102731.272:ERROR:process_reader_win.cc(123)] NtOpenThread: {Acesso Negado} Um processo solicitou acesso a um objeto, mas o direito de acesso não lhe foi concedido. (0xc0000022)
[1030/102731.273:ERROR:exception_snapshot_win.cc(99)] thread ID 2640 not found in process
[1030/102731.303:ERROR:process_reader_win.cc(123)] NtOpenThread: {Acesso Negado} Um processo solicitou acesso a um objeto, mas o direito de acesso não lhe foi concedido. (0xc0000022)
[1030/102731.303:ERROR:exception_snapshot_win.cc(99)] thread ID 9892 not found in process
[1030/103921.933:ERROR:directory_reader_win.cc(43)] FindFirstFile: O sistema não pode encontrar o caminho especificado. (0x3)
[1030/105324.261:ERROR:process_reader_win.cc(123)] NtOpenThread: {Acesso Negado} Um processo solicitou acesso a um objeto, mas o direito de acesso não lhe foi concedido. (0xc0000022)
[1030/105324.262:ERROR:exception_snapshot_win.cc(99)] thread ID 10088 not found in process
[1030/105324.293:ERROR:process_reader_win.cc(123)] NtOpenThread: {Acesso Negado} Um processo solicitou acesso a um objeto, mas o direito de acesso não lhe foi concedido. (0xc0000022)
[1030/105324.293:ERROR:exception_snapshot_win.cc(99)] thread ID 15800 not found in process
[1030/105631.592:ERROR:process_reader_win.cc(123)] NtOpenThread: {Acesso Negado} Um processo solicitou acesso a um objeto, mas o direito de acesso não lhe foi concedido. (0xc0000022)
[1030/105631.593:ERROR:exception_snapshot_win.cc(99)] thread ID 13696 not found in process
[1030/105631.623:ERROR:process_reader_win.cc(123)] NtOpenThread: {Acesso Negado} Um processo solicitou acesso a um objeto, mas o direito de acesso não lhe foi concedido. (0xc0000022)
[1030/105631.623:ERROR:exception_snapshot_win.cc(99)] thread ID 5456 not found in process
[1030/105729.871:ERROR:process_reader_win.cc(123)] NtOpenThread: {Acesso Negado} Um processo solicitou acesso a um objeto, mas o direito de acesso não lhe foi concedido. (0xc0000022)
[1030/105729.872:ERROR:exception_snapshot_win.cc(99)] thread ID 2572 not found in process
[1030/105729.902:ERROR:process_reader_win.cc(123)] NtOpenThread: {Acesso Negado} Um processo solicitou acesso a um objeto, mas o direito de acesso não lhe foi concedido. (0xc0000022)
[1030/105729.902:ERROR:exception_snapshot_win.cc(99)] thread ID 23528 not found in process
[1030/110846.978:ERROR:process_reader_win.cc(123)] NtOpenThread: {Acesso Negado} Um processo solicitou acesso a um objeto, mas o direito de acesso não lhe foi concedido. (0xc0000022)
[1030/110846.978:ERROR:exception_snapshot_win.cc(99)] thread ID 18852 not found in process
[1030/110847.010:ERROR:process_reader_win.cc(123)] NtOpenThread: {Acesso Negado} Um processo solicitou acesso a um objeto, mas o direito de acesso não lhe foi concedido. (0xc0000022)
[1030/110847.010:ERROR:exception_snapshot_win.cc(99)] thread ID 8016 not found in process
[1030/111416.421:ERROR:process_reader_win.cc(123)] NtOpenThread: {Acesso Negado} Um processo solicitou acesso a um objeto, mas o direito de acesso não lhe foi concedido. (0xc0000022)
[1030/111416.422:ERROR:exception_snapshot_win.cc(99)] thread ID 12448 not found in process
[1030/111416.462:ERROR:process_reader_win.cc(151)] SuspendThread: Acesso negado. (0x5)
[1030/111416.463:ERROR:process_reader_win.cc(151)] SuspendThread: Acesso negado. (0x5)
[1030/111416.463:ERROR:process_reader_win.cc(151)] SuspendThread: Acesso negado. (0x5)
[1030/111416.463:ERROR:process_reader_win.cc(151)] SuspendThread: Acesso negado. (0x5)
[1030/111416.463:ERROR:process_reader_win.cc(151)] SuspendThread: Acesso negado. (0x5)
[1030/111416.463:ERROR:process_reader_win.cc(123)] NtOpenThread: {Acesso Negado} Um processo solicitou acesso a um objeto, mas o direito de acesso não lhe foi concedido. (0xc0000022)
[1030/111416.463:ERROR:exception_snapshot_win.cc(99)] thread ID 24168 not found in process
[1030/111419.485:ERROR:process_reader_win.cc(123)] NtOpenThread: {Acesso Negado} Um processo solicitou acesso a um objeto, mas o direito de acesso não lhe foi concedido. (0xc0000022)
[1030/111419.486:ERROR:exception_snapshot_win.cc(99)] thread ID 27872 not found in process
[1030/111419.515:ERROR:process_reader_win.cc(123)] NtOpenThread: {Acesso Negado} Um processo solicitou acesso a um objeto, mas o direito de acesso não lhe foi concedido. (0xc0000022)
[1030/111419.515:ERROR:exception_snapshot_win.cc(99)] thread ID 1144 not found in process
[1030/111704.580:ERROR:process_reader_win.cc(123)] NtOpenThread: {Acesso Negado} Um processo solicitou acesso a um objeto, mas o direito de acesso não lhe foi concedido. (0xc0000022)
[1030/111704.580:ERROR:exception_snapshot_win.cc(99)] thread ID 24932 not found in process
[1030/111704.608:ERROR:process_reader_win.cc(123)] NtOpenThread: {Acesso Negado} Um processo solicitou acesso a um objeto, mas o direito de acesso não lhe foi concedido. (0xc0000022)
[1030/111704.608:ERROR:exception_snapshot_win.cc(99)] thread ID 29496 not found in process
[1030/112025.585:ERROR:process_reader_win.cc(123)] NtOpenThread: {Acesso Negado} Um processo solicitou acesso a um objeto, mas o direito de acesso não lhe foi concedido. (0xc0000022)
[1030/112025.585:ERROR:exception_snapshot_win.cc(99)] thread ID 9424 not found in process
[1030/112025.615:ERROR:process_reader_win.cc(123)] NtOpenThread: {Acesso Negado} Um processo solicitou acesso a um objeto, mas o direito de acesso não lhe foi concedido. (0xc0000022)
[1030/112025.615:ERROR:exception_snapshot_win.cc(99)] thread ID 3212 not found in process
[1030/113030.081:ERROR:directory_reader_win.cc(43)] FindFirstFile: O sistema não pode encontrar o caminho especificado. (0x3)
[1030/113031.671:ERROR:process_reader_win.cc(123)] NtOpenThread: {Acesso Negado} Um processo solicitou acesso a um objeto, mas o direito de acesso não lhe foi concedido. (0xc0000022)
[1030/113031.671:ERROR:exception_snapshot_win.cc(99)] thread ID 12676 not found in process
[1030/113031.701:ERROR:process_reader_win.cc(123)] NtOpenThread: {Acesso Negado} Um processo solicitou acesso a um objeto, mas o direito de acesso não lhe foi concedido. (0xc0000022)
[1030/113031.701:ERROR:exception_snapshot_win.cc(99)] thread ID 16540 not found in process
[1030/114203.727:ERROR:process_reader_win.cc(123)] NtOpenThread: {Acesso Negado} Um processo solicitou acesso a um objeto, mas o direito de acesso não lhe foi concedido. (0xc0000022)
[1030/114203.727:ERROR:exception_snapshot_win.cc(99)] thread ID 7068 not found in process
[1030/114203.757:ERROR:process_reader_win.cc(123)] NtOpenThread: {Acesso Negado} Um processo solicitou acesso a um objeto, mas o direito de acesso não lhe foi concedido. (0xc0000022)
[1030/114203.758:ERROR:exception_snapshot_win.cc(99)] thread ID 7188 not found in process
[1030/114311.500:ERROR:process_reader_win.cc(123)] NtOpenThread: {Acesso Negado} Um processo solicitou acesso a um objeto, mas o direito de acesso não lhe foi concedido. (0xc0000022)
[1030/114311.501:ERROR:exception_snapshot_win.cc(99)] thread ID 13740 not found in process
[1030/114311.516:ERROR:process_reader_win.cc(123)] NtOpenThread: {Acesso Negado} Um processo solicitou acesso a um objeto, mas o direito de acesso não lhe foi concedido. (0xc0000022)
[1030/114311.517:ERROR:exception_snapshot_win.cc(99)] thread ID 7068 not found in process
[1030/114311.549:ERROR:process_reader_win.cc(123)] NtOpenThread: {Acesso Negado} Um processo solicitou acesso a um objeto, mas o direito de acesso não lhe foi concedido. (0xc0000022)
[1030/114311.549:ERROR:exception_snapshot_win.cc(99)] thread ID 4080 not found in process
[1030/114625.602:ERROR:process_reader_win.cc(123)] NtOpenThread: {Acesso Negado} Um processo solicitou acesso a um objeto, mas o direito de acesso não lhe foi concedido. (0xc0000022)
[1030/114625.603:ERROR:exception_snapshot_win.cc(99)] thread ID 29068 not found in process
[1030/114625.631:ERROR:process_reader_win.cc(123)] NtOpenThread: {Acesso Negado} Um processo solicitou acesso a um objeto, mas o direito de acesso não lhe foi concedido. (0xc0000022)
[1030/114625.631:ERROR:exception_snapshot_win.cc(99)] thread ID 15248 not found in process
[1030/114918.115:ERROR:process_reader_win.cc(123)] NtOpenThread: {Acesso Negado} Um processo solicitou acesso a um objeto, mas o direito de acesso não lhe foi concedido. (0xc0000022)
[1030/114918.116:ERROR:exception_snapshot_win.cc(99)] thread ID 24092 not found in process
[1030/114918.152:ERROR:process_reader_win.cc(123)] NtOpenThread: {Acesso Negado} Um processo solicitou acesso a um objeto, mas o direito de acesso não lhe foi concedido. (0xc0000022)
[1030/114918.152:ERROR:exception_snapshot_win.cc(99)] thread ID 14040 not found in process
[1030/115416.711:ERROR:process_reader_win.cc(123)] NtOpenThread: {Acesso Negado} Um processo solicitou acesso a um objeto, mas o direito de acesso não lhe foi concedido. (0xc0000022)
[1030/115416.712:ERROR:exception_snapshot_win.cc(99)] thread ID 17576 not found in process
[1030/115416.742:ERROR:process_reader_win.cc(123)] NtOpenThread: {Acesso Negado} Um processo solicitou acesso a um objeto, mas o direito de acesso não lhe foi concedido. (0xc0000022)
[1030/115416.742:ERROR:exception_snapshot_win.cc(99)] thread ID 10304 not found in process
[1030/115420.916:ERROR:process_reader_win.cc(123)] NtOpenThread: {Acesso Negado} Um processo solicitou acesso a um objeto, mas o direito de acesso não lhe foi concedido. (0xc0000022)
[1030/115420.917:ERROR:exception_snapshot_win.cc(99)] thread ID 9872 not found in process
[1030/115420.948:ERROR:process_reader_win.cc(123)] NtOpenThread: {Acesso Negado} Um processo solicitou acesso a um objeto, mas o direito de acesso não lhe foi concedido. (0xc0000022)
[1030/115420.948:ERROR:exception_snapshot_win.cc(99)] thread ID 24668 not found in process
[1030/115708.735:ERROR:process_reader_win.cc(123)] NtOpenThread: {Acesso Negado} Um processo solicitou acesso a um objeto, mas o direito de acesso não lhe foi concedido. (0xc0000022)
[1030/115708.735:ERROR:exception_snapshot_win.cc(99)] thread ID 19892 not found in process
[1030/115708.772:ERROR:process_reader_win.cc(123)] NtOpenThread: {Acesso Negado} Um processo solicitou acesso a um objeto, mas o direito de acesso não lhe foi concedido. (0xc0000022)
[1030/115708.772:ERROR:exception_snapshot_win.cc(99)] thread ID 21228 not found in process
[1030/180401.043:ERROR:directory_reader_win.cc(43)] FindFirstFile: O sistema não pode encontrar o caminho especificado. (0x3)
[1030/180532.365:ERROR:directory_reader_win.cc(43)] FindFirstFile: O sistema não pode encontrar o caminho especificado. (0x3)
[1030/190310.326:ERROR:process_reader_win.cc(123)] NtOpenThread: {Acesso Negado} Um processo solicitou acesso a um objeto, mas o direito de acesso não lhe foi concedido. (0xc0000022)
[1030/190310.326:ERROR:exception_snapshot_win.cc(99)] thread ID 24204 not found in process
[1030/190310.357:ERROR:process_reader_win.cc(123)] NtOpenThread: {Acesso Negado} Um processo solicitou acesso a um objeto, mas o direito de acesso não lhe foi concedido. (0xc0000022)
[1030/190310.357:ERROR:exception_snapshot_win.cc(99)] thread ID 26032 not found in process
[1030/190759.420:ERROR:process_reader_win.cc(123)] NtOpenThread: {Acesso Negado} Um processo solicitou acesso a um objeto, mas o direito de acesso não lhe foi concedido. (0xc0000022)
[1030/190759.420:ERROR:exception_snapshot_win.cc(99)] thread ID 16600 not found in process
[1030/190759.451:ERROR:process_reader_win.cc(123)] NtOpenThread: {Acesso Negado} Um processo solicitou acesso a um objeto, mas o direito de acesso não lhe foi concedido. (0xc0000022)
[1030/190759.451:ERROR:exception_snapshot_win.cc(99)] thread ID 5920 not found in process
[1030/203054.993:ERROR:directory_reader_win.cc(43)] FindFirstFile: O sistema não pode encontrar o caminho especificado. (0x3)
[1030/205319.037:ERROR:process_reader_win.cc(123)] NtOpenThread: {Acesso Negado} Um processo solicitou acesso a um objeto, mas o direito de acesso não lhe foi concedido. (0xc0000022)
[1030/205319.037:ERROR:exception_snapshot_win.cc(99)] thread ID 2468 not found in process
[1030/205319.068:ERROR:process_reader_win.cc(123)] NtOpenThread: {Acesso Negado} Um processo solicitou acesso a um objeto, mas o direito de acesso não lhe foi concedido. (0xc0000022)
[1030/205319.068:ERROR:exception_snapshot_win.cc(99)] thread ID 6932 not found in process
[1030/210156.002:ERROR:process_reader_win.cc(123)] NtOpenThread: {Acesso Negado} Um processo solicitou acesso a um objeto, mas o direito de acesso não lhe foi concedido. (0xc0000022)
[1030/210156.002:ERROR:exception_snapshot_win.cc(99)] thread ID 1820 not found in process
[1030/210156.034:ERROR:process_reader_win.cc(123)] NtOpenThread: {Acesso Negado} Um processo solicitou acesso a um objeto, mas o direito de acesso não lhe foi concedido. (0xc0000022)
[1030/210156.034:ERROR:exception_snapshot_win.cc(99)] thread ID 11088 not found in process
[1030/212530.061:ERROR:process_reader_win.cc(123)] NtOpenThread: {Acesso Negado} Um processo solicitou acesso a um objeto, mas o direito de acesso não lhe foi concedido. (0xc0000022)
[1030/212530.062:ERROR:exception_snapshot_win.cc(99)] thread ID 25612 not found in process
[1030/212530.094:ERROR:process_reader_win.cc(123)] NtOpenThread: {Acesso Negado} Um processo solicitou acesso a um objeto, mas o direito de acesso não lhe foi concedido. (0xc0000022)
[1030/212530.094:ERROR:exception_snapshot_win.cc(99)] thread ID 6936 not found in process
[1030/212724.073:ERROR:process_reader_win.cc(123)] NtOpenThread: {Acesso Negado} Um processo solicitou acesso a um objeto, mas o direito de acesso não lhe foi concedido. (0xc0000022)
[1030/212724.074:ERROR:exception_snapshot_win.cc(99)] thread ID 14756 not found in process
[1030/212724.104:ERROR:process_reader_win.cc(123)] NtOpenThread: {Acesso Negado} Um processo solicitou acesso a um objeto, mas o direito de acesso não lhe foi concedido. (0xc0000022)
[1030/212724.104:ERROR:exception_snapshot_win.cc(99)] thread ID 3912 not found in process
[1030/213212.564:ERROR:process_reader_win.cc(123)] NtOpenThread: {Acesso Negado} Um processo solicitou acesso a um objeto, mas o direito de acesso não lhe foi concedido. (0xc0000022)
[1030/213212.565:ERROR:exception_snapshot_win.cc(99)] thread ID 25876 not found in process
[1030/213212.593:ERROR:process_reader_win.cc(123)] NtOpenThread: {Acesso Negado} Um processo solicitou acesso a um objeto, mas o direito de acesso não lhe foi concedido. (0xc0000022)
[1030/213212.593:ERROR:exception_snapshot_win.cc(99)] thread ID 27516 not found in process
[1030/213216.166:ERROR:process_reader_win.cc(123)] NtOpenThread: {Acesso Negado} Um processo solicitou acesso a um objeto, mas o direito de acesso não lhe foi concedido. (0xc0000022)
[1030/213216.167:ERROR:exception_snapshot_win.cc(99)] thread ID 22260 not found in process
[1030/213216.196:ERROR:process_reader_win.cc(123)] NtOpenThread: {Acesso Negado} Um processo solicitou acesso a um objeto, mas o direito de acesso não lhe foi concedido. (0xc0000022)
[1030/213216.196:ERROR:exception_snapshot_win.cc(99)] thread ID 26400 not found in process
[1030/213337.547:ERROR:process_reader_win.cc(123)] NtOpenThread: {Acesso Negado} Um processo solicitou acesso a um objeto, mas o direito de acesso não lhe foi concedido. (0xc0000022)
[1030/213337.547:ERROR:exception_snapshot_win.cc(99)] thread ID 20620 not found in process
[1030/213337.580:ERROR:process_reader_win.cc(123)] NtOpenThread: {Acesso Negado} Um processo solicitou acesso a um objeto, mas o direito de acesso não lhe foi concedido. (0xc0000022)
[1030/213337.580:ERROR:exception_snapshot_win.cc(99)] thread ID 24892 not found in process
[1030/213545.977:ERROR:process_reader_win.cc(123)] NtOpenThread: {Acesso Negado} Um processo solicitou acesso a um objeto, mas o direito de acesso não lhe foi concedido. (0xc0000022)
[1030/213545.978:ERROR:exception_snapshot_win.cc(99)] thread ID 10732 not found in process
[1030/213546.010:ERROR:process_reader_win.cc(123)] NtOpenThread: {Acesso Negado} Um processo solicitou acesso a um objeto, mas o direito de acesso não lhe foi concedido. (0xc0000022)
[1030/213546.010:ERROR:exception_snapshot_win.cc(99)] thread ID 29300 not found in process
[1030/213849.231:ERROR:process_reader_win.cc(123)] NtOpenThread: {Acesso Negado} Um processo solicitou acesso a um objeto, mas o direito de acesso não lhe foi concedido. (0xc0000022)
[1030/213849.232:ERROR:exception_snapshot_win.cc(99)] thread ID 28888 not found in process
[1030/213849.262:ERROR:process_reader_win.cc(123)] NtOpenThread: {Acesso Negado} Um processo solicitou acesso a um objeto, mas o direito de acesso não lhe foi concedido. (0xc0000022)
[1030/213849.262:ERROR:exception_snapshot_win.cc(99)] thread ID 18236 not found in process
[1030/214131.404:ERROR:process_reader_win.cc(123)] NtOpenThread: {Acesso Negado} Um processo solicitou acesso a um objeto, mas o direito de acesso não lhe foi concedido. (0xc0000022)
[1030/214131.404:ERROR:exception_snapshot_win.cc(99)] thread ID 2336 not found in process
[1030/214131.435:ERROR:process_reader_win.cc(123)] NtOpenThread: {Acesso Negado} Um processo solicitou acesso a um objeto, mas o direito de acesso não lhe foi concedido. (0xc0000022)
[1030/214131.435:ERROR:exception_snapshot_win.cc(99)] thread ID 5964 not found in process
[1030/214952.151:ERROR:process_reader_win.cc(123)] NtOpenThread: {Acesso Negado} Um processo solicitou acesso a um objeto, mas o direito de acesso não lhe foi concedido. (0xc0000022)
[1030/214952.152:ERROR:exception_snapshot_win.cc(99)] thread ID 21988 not found in process
[1030/214952.166:ERROR:process_reader_win.cc(123)] NtOpenThread: {Acesso Negado} Um processo solicitou acesso a um objeto, mas o direito de acesso não lhe foi concedido. (0xc0000022)
[1030/214952.166:ERROR:exception_snapshot_win.cc(99)] thread ID 6384 not found in process
[1030/214952.197:ERROR:process_reader_win.cc(123)] NtOpenThread: {Acesso Negado} Um processo solicitou acesso a um objeto, mas o direito de acesso não lhe foi concedido. (0xc0000022)
[1030/214952.197:ERROR:exception_snapshot_win.cc(99)] thread ID 12620 not found in process
[1030/221220.055:ERROR:process_reader_win.cc(123)] NtOpenThread: {Acesso Negado} Um processo solicitou acesso a um objeto, mas o direito de acesso não lhe foi concedido. (0xc0000022)
[1030/221220.056:ERROR:exception_snapshot_win.cc(99)] thread ID 12640 not found in process
[1030/221220.072:ERROR:process_reader_win.cc(123)] NtOpenThread: {Acesso Negado} Um processo solicitou acesso a um objeto, mas o direito de acesso não lhe foi concedido. (0xc0000022)
[1030/221220.072:ERROR:exception_snapshot_win.cc(99)] thread ID 20492 not found in process
[1030/221220.099:ERROR:process_reader_win.cc(123)] NtOpenThread: {Acesso Negado} Um processo solicitou acesso a um objeto, mas o direito de acesso não lhe foi concedido. (0xc0000022)
[1030/221220.099:ERROR:exception_snapshot_win.cc(99)] thread ID 16160 not found in process
[1030/221220.136:ERROR:process_reader_win.cc(123)] NtOpenThread: {Acesso Negado} Um processo solicitou acesso a um objeto, mas o direito de acesso não lhe foi concedido. (0xc0000022)
[1030/221220.137:ERROR:exception_snapshot_win.cc(99)] thread ID 12252 not found in process
[1030/221220.165:ERROR:process_reader_win.cc(123)] NtOpenThread: {Acesso Negado} Um processo solicitou acesso a um objeto, mas o direito de acesso não lhe foi concedido. (0xc0000022)
[1030/221220.165:ERROR:exception_snapshot_win.cc(99)] thread ID 10864 not found in process
[1031/084056.321:ERROR:directory_reader_win.cc(43)] FindFirstFile: O sistema não pode encontrar o caminho especificado. (0x3)
[1031/084059.533:ERROR:directory_reader_win.cc(43)] FindFirstFile: O sistema não pode encontrar o caminho especificado. (0x3)
[1031/085152.683:ERROR:process_reader_win.cc(123)] NtOpenThread: {Acesso Negado} Um processo solicitou acesso a um objeto, mas o direito de acesso não lhe foi concedido. (0xc0000022)
[1031/085152.684:ERROR:exception_snapshot_win.cc(99)] thread ID 18668 not found in process
[1031/085152.716:ERROR:process_reader_win.cc(123)] NtOpenThread: {Acesso Negado} Um processo solicitou acesso a um objeto, mas o direito de acesso não lhe foi concedido. (0xc0000022)
[1031/085152.716:ERROR:exception_snapshot_win.cc(99)] thread ID 11248 not found in process
[1031/085152.756:ERROR:process_reader_win.cc(123)] NtOpenThread: {Acesso Negado} Um processo solicitou acesso a um objeto, mas o direito de acesso não lhe foi concedido. (0xc0000022)
[1031/085152.757:ERROR:exception_snapshot_win.cc(99)] thread ID 6828 not found in process
[1031/085152.790:ERROR:process_reader_win.cc(123)] NtOpenThread: {Acesso Negado} Um processo solicitou acesso a um objeto, mas o direito de acesso não lhe foi concedido. (0xc0000022)
[1031/085152.790:ERROR:exception_snapshot_win.cc(99)] thread ID 2112 not found in process
[1031/085732.904:ERROR:process_reader_win.cc(123)] NtOpenThread: {Acesso Negado} Um processo solicitou acesso a um objeto, mas o direito de acesso não lhe foi concedido. (0xc0000022)
[1031/085732.905:ERROR:exception_snapshot_win.cc(99)] thread ID 13996 not found in process
[1031/085732.940:ERROR:process_reader_win.cc(123)] NtOpenThread: {Acesso Negado} Um processo solicitou acesso a um objeto, mas o direito de acesso não lhe foi concedido. (0xc0000022)
[1031/085732.940:ERROR:exception_snapshot_win.cc(99)] thread ID 4756 not found in process
[1031/085732.980:ERROR:process_reader_win.cc(123)] NtOpenThread: {Acesso Negado} Um processo solicitou acesso a um objeto, mas o direito de acesso não lhe foi concedido. (0xc0000022)
[1031/085732.980:ERROR:exception_snapshot_win.cc(99)] thread ID 9440 not found in process
[1031/085733.012:ERROR:process_reader_win.cc(123)] NtOpenThread: {Acesso Negado} Um processo solicitou acesso a um objeto, mas o direito de acesso não lhe foi concedido. (0xc0000022)
[1031/085733.012:ERROR:exception_snapshot_win.cc(99)] thread ID 10740 not found in process
[1031/090708.040:ERROR:process_reader_win.cc(123)] NtOpenThread: {Acesso Negado} Um processo solicitou acesso a um objeto, mas o direito de acesso não lhe foi concedido. (0xc0000022)
[1031/090708.041:ERROR:exception_snapshot_win.cc(99)] thread ID 11876 not found in process
[1031/090708.074:ERROR:process_reader_win.cc(123)] NtOpenThread: {Acesso Negado} Um processo solicitou acesso a um objeto, mas o direito de acesso não lhe foi concedido. (0xc0000022)
[1031/090708.074:ERROR:exception_snapshot_win.cc(99)] thread ID 15096 not found in process
[1031/090708.109:ERROR:process_reader_win.cc(123)] NtOpenThread: {Acesso Negado} Um processo solicitou acesso a um objeto, mas o direito de acesso não lhe foi concedido. (0xc0000022)
[1031/090708.109:ERROR:exception_snapshot_win.cc(99)] thread ID 15396 not found in process
[1031/090708.141:ERROR:process_reader_win.cc(123)] NtOpenThread: {Acesso Negado} Um processo solicitou acesso a um objeto, mas o direito de acesso não lhe foi concedido. (0xc0000022)
[1031/090708.141:ERROR:exception_snapshot_win.cc(99)] thread ID 17596 not found in process
[1031/091514.231:ERROR:process_reader_win.cc(123)] NtOpenThread: {Acesso Negado} Um processo solicitou acesso a um objeto, mas o direito de acesso não lhe foi concedido. (0xc0000022)
[1031/091514.232:ERROR:exception_snapshot_win.cc(99)] thread ID 20076 not found in process
[1031/091514.265:ERROR:process_reader_win.cc(123)] NtOpenThread: {Acesso Negado} Um processo solicitou acesso a um objeto, mas o direito de acesso não lhe foi concedido. (0xc0000022)
[1031/091514.265:ERROR:exception_snapshot_win.cc(99)] thread ID 12232 not found in process
[1031/091514.301:ERROR:process_reader_win.cc(123)] NtOpenThread: {Acesso Negado} Um processo solicitou acesso a um objeto, mas o direito de acesso não lhe foi concedido. (0xc0000022)
[1031/091514.301:ERROR:exception_snapshot_win.cc(99)] thread ID 12672 not found in process
[1031/091514.332:ERROR:process_reader_win.cc(123)] NtOpenThread: {Acesso Negado} Um processo solicitou acesso a um objeto, mas o direito de acesso não lhe foi concedido. (0xc0000022)
[1031/091514.332:ERROR:exception_snapshot_win.cc(99)] thread ID 14848 not found in process
[1031/093402.869:ERROR:process_reader_win.cc(123)] NtOpenThread: {Acesso Negado} Um processo solicitou acesso a um objeto, mas o direito de acesso não lhe foi concedido. (0xc0000022)
[1031/093402.869:ERROR:exception_snapshot_win.cc(99)] thread ID 16164 not found in process
[1031/093402.883:ERROR:process_reader_win.cc(123)] NtOpenThread: {Acesso Negado} Um processo solicitou acesso a um objeto, mas o direito de acesso não lhe foi concedido. (0xc0000022)
[1031/093402.883:ERROR:exception_snapshot_win.cc(99)] thread ID 14520 not found in process
[1031/093402.897:ERROR:process_reader_win.cc(123)] NtOpenThread: {Acesso Negado} Um processo solicitou acesso a um objeto, mas o direito de acesso não lhe foi concedido. (0xc0000022)
[1031/093402.897:ERROR:exception_snapshot_win.cc(99)] thread ID 14220 not found in process
[1031/093402.932:ERROR:process_reader_win.cc(123)] NtOpenThread: {Acesso Negado} Um processo solicitou acesso a um objeto, mas o direito de acesso não lhe foi concedido. (0xc0000022)
[1031/093402.932:ERROR:exception_snapshot_win.cc(99)] thread ID 12060 not found in process
[1031/093402.969:ERROR:process_reader_win.cc(123)] NtOpenThread: {Acesso Negado} Um processo solicitou acesso a um objeto, mas o direito de acesso não lhe foi concedido. (0xc0000022)
[1031/093402.969:ERROR:exception_snapshot_win.cc(99)] thread ID 15604 not found in process
[1031/093402.999:ERROR:process_reader_win.cc(123)] NtOpenThread: {Acesso Negado} Um processo solicitou acesso a um objeto, mas o direito de acesso não lhe foi concedido. (0xc0000022)
[1031/093402.999:ERROR:exception_snapshot_win.cc(99)] thread ID 8044 not found in process
[1031/093826.687:ERROR:process_reader_win.cc(123)] NtOpenThread: {Acesso Negado} Um processo solicitou acesso a um objeto, mas o direito de acesso não lhe foi concedido. (0xc0000022)
[1031/093826.688:ERROR:exception_snapshot_win.cc(99)] thread ID 5740 not found in process
[1031/093826.713:ERROR:process_reader_win.cc(123)] NtOpenThread: {Acesso Negado} Um processo solicitou acesso a um objeto, mas o direito de acesso não lhe foi concedido. (0xc0000022)
[1031/093826.713:ERROR:exception_snapshot_win.cc(99)] thread ID 20416 not found in process
[1031/094045.620:ERROR:process_reader_win.cc(123)] NtOpenThread: {Acesso Negado} Um processo solicitou acesso a um objeto, mas o direito de acesso não lhe foi concedido. (0xc0000022)
[1031/094045.621:ERROR:exception_snapshot_win.cc(99)] thread ID 19520 not found in process
[1031/094045.658:ERROR:process_reader_win.cc(123)] NtOpenThread: {Acesso Negado} Um processo solicitou acesso a um objeto, mas o direito de acesso não lhe foi concedido. (0xc0000022)
[1031/094045.658:ERROR:exception_snapshot_win.cc(99)] thread ID 17304 not found in process
[1031/094045.690:ERROR:process_reader_win.cc(123)] NtOpenThread: {Acesso Negado} Um processo solicitou acesso a um objeto, mas o direito de acesso não lhe foi concedido. (0xc0000022)
[1031/094045.690:ERROR:exception_snapshot_win.cc(99)] thread ID 14808 not found in process
[1031/094045.724:ERROR:process_reader_win.cc(123)] NtOpenThread: {Acesso Negado} Um processo solicitou acesso a um objeto, mas o direito de acesso não lhe foi concedido. (0xc0000022)
[1031/094045.724:ERROR:exception_snapshot_win.cc(99)] thread ID 14108 not found in process
[1031/094523.963:ERROR:process_reader_win.cc(123)] NtOpenThread: {Acesso Negado} Um processo solicitou acesso a um objeto, mas o direito de acesso não lhe foi concedido. (0xc0000022)
[1031/094523.963:ERROR:exception_snapshot_win.cc(99)] thread ID 18060 not found in process
[1031/094523.997:ERROR:process_reader_win.cc(123)] NtOpenThread: {Acesso Negado} Um processo solicitou acesso a um objeto, mas o direito de acesso não lhe foi concedido. (0xc0000022)
[1031/094523.997:ERROR:exception_snapshot_win.cc(99)] thread ID 11448 not found in process
[1031/094524.036:ERROR:process_reader_win.cc(123)] NtOpenThread: {Acesso Negado} Um processo solicitou acesso a um objeto, mas o direito de acesso não lhe foi concedido. (0xc0000022)
[1031/094524.036:ERROR:exception_snapshot_win.cc(99)] thread ID 20296 not found in process
[1031/094524.066:ERROR:process_reader_win.cc(123)] NtOpenThread: {Acesso Negado} Um processo solicitou acesso a um objeto, mas o direito de acesso não lhe foi concedido. (0xc0000022)
[1031/094524.066:ERROR:exception_snapshot_win.cc(99)] thread ID 13820 not found in process
[1031/095136.014:ERROR:process_reader_win.cc(123)] NtOpenThread: {Acesso Negado} Um processo solicitou acesso a um objeto, mas o direito de acesso não lhe foi concedido. (0xc0000022)
[1031/095136.015:ERROR:exception_snapshot_win.cc(99)] thread ID 16252 not found in process
[1031/095136.047:ERROR:process_reader_win.cc(123)] NtOpenThread: {Acesso Negado} Um processo solicitou acesso a um objeto, mas o direito de acesso não lhe foi concedido. (0xc0000022)
[1031/095136.047:ERROR:exception_snapshot_win.cc(99)] thread ID 13868 not found in process
[1031/095136.085:ERROR:process_reader_win.cc(123)] NtOpenThread: {Acesso Negado} Um processo solicitou acesso a um objeto, mas o direito de acesso não lhe foi concedido. (0xc0000022)
[1031/095136.085:ERROR:exception_snapshot_win.cc(99)] thread ID 15076 not found in process
[1031/095136.122:ERROR:process_reader_win.cc(123)] NtOpenThread: {Acesso Negado} Um processo solicitou acesso a um objeto, mas o direito de acesso não lhe foi concedido. (0xc0000022)
[1031/095136.122:ERROR:exception_snapshot_win.cc(99)] thread ID 9576 not found in process
[1031/095743.660:ERROR:process_reader_win.cc(123)] NtOpenThread: {Acesso Negado} Um processo solicitou acesso a um objeto, mas o direito de acesso não lhe foi concedido. (0xc0000022)
[1031/095743.661:ERROR:exception_snapshot_win.cc(99)] thread ID 19528 not found in process
[1031/095743.695:ERROR:process_reader_win.cc(123)] NtOpenThread: {Acesso Negado} Um processo solicitou acesso a um objeto, mas o direito de acesso não lhe foi concedido. (0xc0000022)
[1031/095743.695:ERROR:exception_snapshot_win.cc(99)] thread ID 7768 not found in process
[1031/095743.732:ERROR:process_reader_win.cc(123)] NtOpenThread: {Acesso Negado} Um processo solicitou acesso a um objeto, mas o direito de acesso não lhe foi concedido. (0xc0000022)
[1031/095743.733:ERROR:exception_snapshot_win.cc(99)] thread ID 18212 not found in process
[1031/095743.775:ERROR:process_reader_win.cc(123)] NtOpenThread: {Acesso Negado} Um processo solicitou acesso a um objeto, mas o direito de acesso não lhe foi concedido. (0xc0000022)
[1031/095743.775:ERROR:exception_snapshot_win.cc(99)] thread ID 2108 not found in process
[1031/100336.854:ERROR:process_reader_win.cc(123)] NtOpenThread: {Acesso Negado} Um processo solicitou acesso a um objeto, mas o direito de acesso não lhe foi concedido. (0xc0000022)
[1031/100336.855:ERROR:exception_snapshot_win.cc(99)] thread ID 20356 not found in process
[1031/100336.888:ERROR:process_reader_win.cc(123)] NtOpenThread: {Acesso Negado} Um processo solicitou acesso a um objeto, mas o direito de acesso não lhe foi concedido. (0xc0000022)
[1031/100336.888:ERROR:exception_snapshot_win.cc(99)] thread ID 16416 not found in process
[1031/100336.923:ERROR:process_reader_win.cc(123)] NtOpenThread: {Acesso Negado} Um processo solicitou acesso a um objeto, mas o direito de acesso não lhe foi concedido. (0xc0000022)
[1031/100336.923:ERROR:exception_snapshot_win.cc(99)] thread ID 20412 not found in process
[1031/100336.953:ERROR:process_reader_win.cc(123)] NtOpenThread: {Acesso Negado} Um processo solicitou acesso a um objeto, mas o direito de acesso não lhe foi concedido. (0xc0000022)
[1031/100336.953:ERROR:exception_snapshot_win.cc(99)] thread ID 19160 not found in process
[1031/101145.383:ERROR:process_reader_win.cc(123)] NtOpenThread: {Acesso Negado} Um processo solicitou acesso a um objeto, mas o direito de acesso não lhe foi concedido. (0xc0000022)
[1031/101145.384:ERROR:exception_snapshot_win.cc(99)] thread ID 20376 not found in process
[1031/101145.419:ERROR:process_reader_win.cc(123)] NtOpenThread: {Acesso Negado} Um processo solicitou acesso a um objeto, mas o direito de acesso não lhe foi concedido. (0xc0000022)
[1031/101145.419:ERROR:exception_snapshot_win.cc(99)] thread ID 2716 not found in process
[1031/101145.455:ERROR:process_reader_win.cc(123)] NtOpenThread: {Acesso Negado} Um processo solicitou acesso a um objeto, mas o direito de acesso não lhe foi concedido. (0xc0000022)
[1031/101145.456:ERROR:exception_snapshot_win.cc(99)] thread ID 7740 not found in process
[1031/101145.488:ERROR:process_reader_win.cc(123)] NtOpenThread: {Acesso Negado} Um processo solicitou acesso a um objeto, mas o direito de acesso não lhe foi concedido. (0xc0000022)
[1031/101145.488:ERROR:exception_snapshot_win.cc(99)] thread ID 15056 not found in process
[1031/101247.959:ERROR:process_reader_win.cc(123)] NtOpenThread: {Acesso Negado} Um processo solicitou acesso a um objeto, mas o direito de acesso não lhe foi concedido. (0xc0000022)
[1031/101247.960:ERROR:exception_snapshot_win.cc(99)] thread ID 21108 not found in process
[1031/101247.995:ERROR:process_reader_win.cc(123)] NtOpenThread: {Acesso Negado} Um processo solicitou acesso a um objeto, mas o direito de acesso não lhe foi concedido. (0xc0000022)
[1031/101247.995:ERROR:exception_snapshot_win.cc(99)] thread ID 17044 not found in process
[1031/101248.028:ERROR:process_reader_win.cc(123)] NtOpenThread: {Acesso Negado} Um processo solicitou acesso a um objeto, mas o direito de acesso não lhe foi concedido. (0xc0000022)
[1031/101248.029:ERROR:exception_snapshot_win.cc(99)] thread ID 21376 not found in process
[1031/101248.066:ERROR:process_reader_win.cc(123)] NtOpenThread: {Acesso Negado} Um processo solicitou acesso a um objeto, mas o direito de acesso não lhe foi concedido. (0xc0000022)
[1031/101248.066:ERROR:exception_snapshot_win.cc(99)] thread ID 5396 not found in process
[1031/105047.844:ERROR:process_reader_win.cc(123)] NtOpenThread: {Acesso Negado} Um processo solicitou acesso a um objeto, mas o direito de acesso não lhe foi concedido. (0xc0000022)
[1031/105047.848:ERROR:exception_snapshot_win.cc(99)] thread ID 20696 not found in process
[1031/105047.880:ERROR:process_reader_win.cc(123)] NtOpenThread: {Acesso Negado} Um processo solicitou acesso a um objeto, mas o direito de acesso não lhe foi concedido. (0xc0000022)
[1031/105047.880:ERROR:exception_snapshot_win.cc(99)] thread ID 21156 not found in process
[1031/105047.919:ERROR:process_reader_win.cc(123)] NtOpenThread: {Acesso Negado} Um processo solicitou acesso a um objeto, mas o direito de acesso não lhe foi concedido. (0xc0000022)
[1031/105047.920:ERROR:exception_snapshot_win.cc(99)] thread ID 6888 not found in process
[1031/105047.950:ERROR:process_reader_win.cc(123)] NtOpenThread: {Acesso Negado} Um processo solicitou acesso a um objeto, mas o direito de acesso não lhe foi concedido. (0xc0000022)
[1031/105047.950:ERROR:exception_snapshot_win.cc(99)] thread ID 21376 not found in process
[1031/105348.747:ERROR:process_reader_win.cc(123)] NtOpenThread: {Acesso Negado} Um processo solicitou acesso a um objeto, mas o direito de acesso não lhe foi concedido. (0xc0000022)
[1031/105348.747:ERROR:exception_snapshot_win.cc(99)] thread ID 21340 not found in process
[1031/105348.780:ERROR:process_reader_win.cc(123)] NtOpenThread: {Acesso Negado} Um processo solicitou acesso a um objeto, mas o direito de acesso não lhe foi concedido. (0xc0000022)
[1031/105348.780:ERROR:exception_snapshot_win.cc(99)] thread ID 20324 not found in process
[1031/105348.812:ERROR:process_reader_win.cc(123)] NtOpenThread: {Acesso Negado} Um processo solicitou acesso a um objeto, mas o direito de acesso não lhe foi concedido. (0xc0000022)
[1031/105348.813:ERROR:exception_snapshot_win.cc(99)] thread ID 20024 not found in process
[1031/105348.840:ERROR:process_reader_win.cc(123)] NtOpenThread: {Acesso Negado} Um processo solicitou acesso a um objeto, mas o direito de acesso não lhe foi concedido. (0xc0000022)
[1031/105348.840:ERROR:exception_snapshot_win.cc(99)] thread ID 19188 not found in process
[1031/105805.378:ERROR:process_reader_win.cc(123)] NtOpenThread: {Acesso Negado} Um processo solicitou acesso a um objeto, mas o direito de acesso não lhe foi concedido. (0xc0000022)
[1031/105805.378:ERROR:exception_snapshot_win.cc(99)] thread ID 6964 not found in process
[1031/105805.414:ERROR:process_reader_win.cc(123)] NtOpenThread: {Acesso Negado} Um processo solicitou acesso a um objeto, mas o direito de acesso não lhe foi concedido. (0xc0000022)
[1031/105805.414:ERROR:exception_snapshot_win.cc(99)] thread ID 15644 not found in process
[1031/110411.394:ERROR:process_reader_win.cc(123)] NtOpenThread: {Acesso Negado} Um processo solicitou acesso a um objeto, mas o direito de acesso não lhe foi concedido. (0xc0000022)
[1031/110411.395:ERROR:exception_snapshot_win.cc(99)] thread ID 23272 not found in process
[1031/110411.431:ERROR:process_reader_win.cc(123)] NtOpenThread: {Acesso Negado} Um processo solicitou acesso a um objeto, mas o direito de acesso não lhe foi concedido. (0xc0000022)
[1031/110411.431:ERROR:exception_snapshot_win.cc(99)] thread ID 23284 not found in process
[1031/110411.467:ERROR:process_reader_win.cc(123)] NtOpenThread: {Acesso Negado} Um processo solicitou acesso a um objeto, mas o direito de acesso não lhe foi concedido. (0xc0000022)
[1031/110411.468:ERROR:exception_snapshot_win.cc(99)] thread ID 23296 not found in process
[1031/110411.499:ERROR:process_reader_win.cc(123)] NtOpenThread: {Acesso Negado} Um processo solicitou acesso a um objeto, mas o direito de acesso não lhe foi concedido. (0xc0000022)
[1031/110411.499:ERROR:exception_snapshot_win.cc(99)] thread ID 23308 not found in process
[1031/111405.329:ERROR:directory_reader_win.cc(43)] FindFirstFile: O sistema não pode encontrar o caminho especificado. (0x3)
[1031/111408.556:ERROR:directory_reader_win.cc(43)] FindFirstFile: O sistema não pode encontrar o caminho especificado. (0x3)
[1031/112335.544:ERROR:process_reader_win.cc(123)] NtOpenThread: {Acesso Negado} Um processo solicitou acesso a um objeto, mas o direito de acesso não lhe foi concedido. (0xc0000022)
[1031/112335.544:ERROR:exception_snapshot_win.cc(99)] thread ID 8104 not found in process
[1031/112335.576:ERROR:process_reader_win.cc(123)] NtOpenThread: {Acesso Negado} Um processo solicitou acesso a um objeto, mas o direito de acesso não lhe foi concedido. (0xc0000022)
[1031/112335.576:ERROR:exception_snapshot_win.cc(99)] thread ID 18308 not found in process
[1031/112335.614:ERROR:process_reader_win.cc(123)] NtOpenThread: {Acesso Negado} Um processo solicitou acesso a um objeto, mas o direito de acesso não lhe foi concedido. (0xc0000022)
[1031/112335.615:ERROR:exception_snapshot_win.cc(99)] thread ID 17312 not found in process
[1031/112335.656:ERROR:process_reader_win.cc(123)] NtOpenThread: {Acesso Negado} Um processo solicitou acesso a um objeto, mas o direito de acesso não lhe foi concedido. (0xc0000022)
[1031/112335.656:ERROR:exception_snapshot_win.cc(99)] thread ID 21760 not found in process
[1031/174724.272:ERROR:directory_reader_win.cc(43)] FindFirstFile: O sistema não pode encontrar o caminho especificado. (0x3)
[1031/192357.386:ERROR:process_reader_win.cc(123)] NtOpenThread: {Acesso Negado} Um processo solicitou acesso a um objeto, mas o direito de acesso não lhe foi concedido. (0xc0000022)
[1031/192357.388:ERROR:exception_snapshot_win.cc(99)] thread ID 14684 not found in process
[1031/192357.419:ERROR:process_reader_win.cc(123)] NtOpenThread: {Acesso Negado} Um processo solicitou acesso a um objeto, mas o direito de acesso não lhe foi concedido. (0xc0000022)
[1031/192357.419:ERROR:exception_snapshot_win.cc(99)] thread ID 2748 not found in process
[1031/192615.688:ERROR:process_reader_win.cc(123)] NtOpenThread: {Acesso Negado} Um processo solicitou acesso a um objeto, mas o direito de acesso não lhe foi concedido. (0xc0000022)
[1031/192615.688:ERROR:exception_snapshot_win.cc(99)] thread ID 14232 not found in process
[1031/192615.717:ERROR:process_reader_win.cc(123)] NtOpenThread: {Acesso Negado} Um processo solicitou acesso a um objeto, mas o direito de acesso não lhe foi concedido. (0xc0000022)
[1031/192615.717:ERROR:exception_snapshot_win.cc(99)] thread ID 22648 not found in process
[1031/193745.796:ERROR:process_reader_win.cc(123)] NtOpenThread: {Acesso Negado} Um processo solicitou acesso a um objeto, mas o direito de acesso não lhe foi concedido. (0xc0000022)
[1031/193745.797:ERROR:exception_snapshot_win.cc(99)] thread ID 16888 not found in process
[1031/193745.828:ERROR:process_reader_win.cc(123)] NtOpenThread: {Acesso Negado} Um processo solicitou acesso a um objeto, mas o direito de acesso não lhe foi concedido. (0xc0000022)
[1031/193745.828:ERROR:exception_snapshot_win.cc(99)] thread ID 22924 not found in process
[1031/193921.764:ERROR:process_reader_win.cc(123)] NtOpenThread: {Acesso Negado} Um processo solicitou acesso a um objeto, mas o direito de acesso não lhe foi concedido. (0xc0000022)
[1031/193921.764:ERROR:exception_snapshot_win.cc(99)] thread ID 2748 not found in process
[1031/193921.794:ERROR:process_reader_win.cc(123)] NtOpenThread: {Acesso Negado} Um processo solicitou acesso a um objeto, mas o direito de acesso não lhe foi concedido. (0xc0000022)
[1031/193921.794:ERROR:exception_snapshot_win.cc(99)] thread ID 19576 not found in process
